<?xml version="1.0" encoding="UTF-8"?>
<testsuite xmlns:xsi="http://www.w3.org/2001/XMLSchema-instance" xsi:noNamespaceSchemaLocation="https://maven.apache.org/surefire/maven-surefire-plugin/xsd/surefire-test-report-3.0.xsd" version="3.0" name="com.example.jsonExam.Project1ApplicationTests" time="4.238" tests="1" errors="0" skipped="0" failures="0">
  <properties>
[...]
</properties>
  <testcase name="contextLoads" classname="com.example.jsonExam.Project1ApplicationTests" time="0.924">
    <system-out><![CDATA[16:14:46.427 [main] INFO org.springframework.test.context.support.AnnotationConfigContextLoaderUtils -- Could not detect default configuration classes for test class [com.example.jsonExam.Project1ApplicationTests]: Project1ApplicationTests does not declare any static, non-private, non-final, nested classes annotated with @Configuration.
16:14:46.558 [main] INFO org.springframework.boot.test.context.SpringBootTestContextBootstrapper -- Found @SpringBootConfiguration com.example.jsonExam.Project1Application for test class com.example.jsonExam.Project1ApplicationTests

  .   ____          _            __ _ _
 /\\ / ___'_ __ _ _(_)_ __  __ _ \ \ \ \
( ( )\___ | '_ | '_| | '_ \/ _` | \ \ \ \
 \\/  ___)| |_)| | | | | || (_| |  ) ) ) )
  '  |____| .__|_| |_|_| |_\__, | / / / /
 =========|_|==============|___/=/_/_/_/
 :: Spring Boot ::                (v3.2.6)

2025-03-31T16:14:46.996+09:00  INFO 2176 --- [project1] [           main] c.e.jsonExam.Project1ApplicationTests    : Starting Project1ApplicationTests using Java 17.0.14 with PID 2176 (started by sol in C:\Users\sol\git\Team5)
2025-03-31T16:14:46.996+09:00  INFO 2176 --- [project1] [           main] c.e.jsonExam.Project1ApplicationTests    : No active profile set, falling back to 1 default profile: "default"
2025-03-31T16:14:49.490+09:00  INFO 2176 --- [project1] [           main] c.e.jsonExam.Project1ApplicationTests    : Started Project1ApplicationTests in 2.757 seconds (process running for 3.747)
]]></system-out>
  </testcase>
</testsuite>